Flutter crash report.
Please report a bug at https://github.com/flutter/flutter/issues.

## command

flutter run

## exception

WipError: WipError -32000 Cannot find context with specified id

```
```

## flutter doctor

```
[32m[‚úď][39m Flutter (Channel stable, 3.35.7, on Microsoft Windows [version
    10.0.26200.7840], locale fr-FR) [572ms]
    [32m‚ÄĘ[39m Flutter version 3.35.7 on channel stable at C:\flutter
    [32m‚ÄĘ[39m Upstream repository https://github.com/flutter/flutter.git
    [32m‚ÄĘ[39m Framework revision adc9010625 (4 months ago), 2025-10-21 14:16:03
      -0400
    [32m‚ÄĘ[39m Engine revision 035316565a
    [32m‚ÄĘ[39m Dart version 3.9.2
    [32m‚ÄĘ[39m DevTools version 2.48.0
    [32m‚ÄĘ[39m Feature flags: enable-web, enable-linux-desktop, enable-macos-desktop,
      enable-windows-desktop, enable-android, enable-ios, cli-animations,
      enable-lldb-debugging

[32m[‚úď][39m Windows Version (11 Professionnel 64-bit, 25H2, 2009) [3,3s]

[32m[‚úď][39m Android toolchain - develop for Android devices (Android SDK version
    36.1.0) [5,5s]
    [32m‚ÄĘ[39m Android SDK at C:\Users\USER\AppData\Local\Android\Sdk
    [32m‚ÄĘ[39m Emulator version 36.2.12.0 (build_id 14214601) (CL:N/A)
    [32m‚ÄĘ[39m Platform android-36, build-tools 36.1.0
    [32m‚ÄĘ[39m ANDROID_SDK_ROOT = C:\Users\USER\AppData\Local\Android\Sdk
    [32m‚ÄĘ[39m Java binary at: C:\Program Files\Common
      Files\Oracle\Java\javapath\java.exe
      This JDK was found in the system PATH.
      To manually set the JDK path, use: `flutter config
      --jdk-dir="path/to/jdk"`.
    [32m‚ÄĘ[39m Java version Java(TM) SE Runtime Environment (build 17.0.8+9-LTS-211)
    [32m‚ÄĘ[39m All Android licenses accepted.

[32m[‚úď][39m Chrome - develop for the web [349ms]
    [32m‚ÄĘ[39m Chrome at C:\Program Files\Google\Chrome\Application\chrome.exe

[33m[!][39m Visual Studio - develop Windows apps (Visual Studio Community 2026
    18.2.1) [349ms]
    [32m‚ÄĘ[39m Visual Studio at C:\Program Files\Microsoft Visual Studio\18\Community
    [32m‚ÄĘ[39m Visual Studio Community 2026 version 18.2.11415.280
    [31m‚úó[39m Visual Studio is missing necessary components. Please re-run the
      Visual Studio installer for the "Desktop development with C++"
      workload, and include these components:
        MSVC v142 - VS 2019 C++ x64/x86 build tools
         - If there are multiple build tool versions available, install the
         latest
        C++ CMake tools for Windows
        Windows 10 SDK

[33m[!][39m Android Studio (not installed) [5ms]
    [32m‚ÄĘ[39m Android Studio not found; download from
      https://developer.android.com/studio/index.html
      (or visit https://flutter.dev/to/windows-android-setup for detailed
      instructions).

[32m[‚úď][39m IntelliJ IDEA Ultimate Edition (version 2024.2) [5ms]
    [32m‚ÄĘ[39m IntelliJ at C:\Program Files\JetBrains\IntelliJ IDEA 2024.2.3
    [32m‚ÄĘ[39m Flutter plugin can be installed from:
      ūüĒ® https://plugins.jetbrains.com/plugin/9212-flutter
    [32m‚ÄĘ[39m Dart plugin can be installed from:
      ūüĒ® https://plugins.jetbrains.com/plugin/6351-dart

[32m[‚úď][39m VS Code (version unknown) [3ms]
    [32m‚ÄĘ[39m VS Code at C:\Users\USER\AppData\Local\Programs\Microsoft VS Code
    [32m‚ÄĘ[39m Flutter extension can be installed from:
      ūüĒ®
      https://marketplace.visualstudio.com/items?itemName=Dart-Code.flutter
    [31m‚úó[39m Unable to determine VS Code version.

[32m[‚úď][39m Connected device (3 available) [168ms]
    [32m‚ÄĘ[39m Windows (desktop) ‚ÄĘ windows ‚ÄĘ windows-x64    ‚ÄĘ Microsoft Windows
      [version 10.0.26200.7840]
    [32m‚ÄĘ[39m Chrome (web)      ‚ÄĘ chrome  ‚ÄĘ web-javascript ‚ÄĘ Google Chrome
      144.0.7559.133
    [32m‚ÄĘ[39m Edge (web)        ‚ÄĘ edge    ‚ÄĘ web-javascript ‚ÄĘ Microsoft Edge
      144.0.3719.115

[32m[‚úď][39m Network resources [286ms]
    [32m‚ÄĘ[39m All expected network resources are available.

[33m![39m Doctor found issues in 2 categories.
```
